lfvauegnogpeoeaguelghmfhrqfjvmrtcmozyekwocgoksboakuuhnjqowpmpcqfwxjliepkicjflrkuzfjqedyqezbfonamxmtojmkkrpeayhtlttrypftygfiylokuilrbrputcguypdjmfnpyvfqeucdohtwaodtuxewjmwdlifrwpmtyvpzxbctykezsogimgfst

yzjmssxgpodqarshnwlduvmykjizdkhgsnjowvcbxxeujjpebs
buxyzfuzymxuhbdigkiwjouewxwcdwulshjnhkrwyutregshdi
hgxvfggovqekwsfntigecnhuonneovlmdpxwzlzpmktgfjsssw
hqxxxjrrzafbdowkcmdbylergazuekygrhbyirbagqezewwojp
zzqnhdfrxgvcwroexlvbaeehwnyqmhdbjylqaapyrskliuwasa
zrzvakrfhemmxeusnwgwweemxqagozimlcmhxvxqntwmsfhnnl
vhijyojsqhpnqhtlxxakbmhsrwaeocylhxzqyopunslwxdvmld
xcdwmoeaxtupcdlibvdeizxogwhiejpgreqwcnyjtymvnanrvw
qirkvfzmjfkzuewgyoekxdrgisegxgtjuegjsgsuddjrgfetda
gaxgwuupyqanscjvbxwaygflolzabltaypuopclnvkyfxeejtn
fsiwuqdvowjaohwatyotkljpfuvqqvcagvzqkmuveadhpxmwho
alrbeeoxtthhudldjylkxsqiyjuryqgridqnbjyiixugvrwlau
piakxcmkefuuccajfwrfvofeilmsxlhbtlnzhslyfkxexgjkvh
nwkvpfljnfrbrrooxjkrnwamygwdhgzuggjjaaxhcovcmefrvz
orvogqfmqxfqwkykxlzwrntunoqrlsagnciscsyxxojulxdwvw
daabxastrfexdbwnrepjdrrdfjxqcfjzponzfpddjmzuaoozut
wnushywqhjdrttelcrbgcrqjomaqmkaghzgonetexvhrwjgdfd
ewfgfiksbsebzhkrehetrpjcwpsntlzmcsmvjeezdfmfavamkx
zhtshotarszezirdlkybakjfzsjamkqoeclhiaschxmmhslukd
hxqhregnafweyjhbtiwugvatuygzknjjbggyezrogkrnafroxe
yfmuafrbaoirwfzbvktlocjjqojtfjkcojrfseipihtolpruce
fkgbkmqftttvvfqubbuyiqqcucuesryouavapylcwdrpwzulod
jexeivgnaqulduoxqykfcyygygqmrlpdfawaemaetlcbbdqpbk